2019-02-21 18:16:50,600 INFO o.a.j.u.JMeterUtils: Setting Locale to en_EN
2019-02-21 18:16:50,623 INFO o.a.j.JMeter: Loading user properties from: /Users/liferay/dev/life/apache-jmeter-5.0/bin/user.properties
2019-02-21 18:16:50,624 INFO o.a.j.JMeter: Loading system properties from: /Users/liferay/dev/life/apache-jmeter-5.0/bin/system.properties
2019-02-21 18:16:50,630 INFO o.a.j.JMeter: Copyright (c) 1998-2018 The Apache Software Foundation
2019-02-21 18:16:50,630 INFO o.a.j.JMeter: Version 5.0 r1840935
2019-02-21 18:16:50,630 INFO o.a.j.JMeter: java.version=1.8.0_181
2019-02-21 18:16:50,630 INFO o.a.j.JMeter: java.vm.name=Java HotSpot(TM) 64-Bit Server VM
2019-02-21 18:16:50,630 INFO o.a.j.JMeter: os.name=Mac OS X
2019-02-21 18:16:50,630 INFO o.a.j.JMeter: os.arch=x86_64
2019-02-21 18:16:50,630 INFO o.a.j.JMeter: os.version=10.14.3
2019-02-21 18:16:50,630 INFO o.a.j.JMeter: file.encoding=UTF-8
2019-02-21 18:16:50,630 INFO o.a.j.JMeter: Max memory     =1073741824
2019-02-21 18:16:50,630 INFO o.a.j.JMeter: Available Processors =8
2019-02-21 18:16:50,634 INFO o.a.j.JMeter: Default Locale=English (EN)
2019-02-21 18:16:50,634 INFO o.a.j.JMeter: JMeter  Locale=English (EN)
2019-02-21 18:16:50,634 INFO o.a.j.JMeter: JMeterHome=/Users/liferay/dev/life/apache-jmeter-5.0
2019-02-21 18:16:50,634 INFO o.a.j.JMeter: user.dir  =/Users/liferay/dev/life/text-dxpcloud
2019-02-21 18:16:50,634 INFO o.a.j.JMeter: PWD       =/Users/liferay/dev/life/text-dxpcloud
2019-02-21 18:16:50,635 INFO o.a.j.JMeter: IP: 172.16.20.65 Name: ryan-2.local FullName: 172.16.20.65
2019-02-21 18:16:50,637 INFO o.a.j.JMeter: Setting property 'jmeter.reportgenerator.outputdir' to:'/Users/liferay/dev/life/text-dxpcloud/reports/6.2-spike-test-second'
2019-02-21 18:16:50,642 INFO o.a.j.r.d.ReportGenerator: ReportGenerator will use for Parsing the separator: ','
2019-02-21 18:16:50,642 INFO o.a.j.r.d.ReportGenerator: Will only generate report from results file: reports/jmeter-spike-test.jtl
2019-02-21 18:16:50,642 INFO o.a.j.r.d.ReportGenerator: Reading report generator properties from: /Users/liferay/dev/life/apache-jmeter-5.0/bin/reportgenerator.properties
2019-02-21 18:16:50,643 INFO o.a.j.r.d.ReportGenerator: Merging with JMeter properties
2019-02-21 18:16:50,649 INFO o.a.j.r.c.ReportGeneratorConfiguration: Property 'jmeter.reportgenerator.temp_dir' not found, using default value 'temp' instead.
2019-02-21 18:16:50,652 INFO o.a.j.r.c.ReportGeneratorConfiguration: Property 'jmeter.reportgenerator.apdex_per_transaction' not found, using default value 'null' instead.
2019-02-21 18:16:50,655 INFO o.a.j.r.c.ReportGeneratorConfiguration: apdex_per_transaction : {} is empty, not APDEX per transaction customization
2019-02-21 18:16:50,656 INFO o.a.j.r.c.ReportGeneratorConfiguration: Property 'jmeter.reportgenerator.sample_filter' not found, using default value 'null' instead.
2019-02-21 18:16:50,656 INFO o.a.j.r.c.ReportGeneratorConfiguration: Property 'jmeter.reportgenerator.report_title' not found, using default value 'null' instead.
2019-02-21 18:16:50,656 INFO o.a.j.r.c.ReportGeneratorConfiguration: Property 'jmeter.reportgenerator.start_date' not found, using default value 'null' instead.
2019-02-21 18:16:50,656 INFO o.a.j.r.c.ReportGeneratorConfiguration: Property 'jmeter.reportgenerator.end_date' not found, using default value 'null' instead.
2019-02-21 18:16:50,656 INFO o.a.j.r.c.ReportGeneratorConfiguration: Property 'jmeter.reportgenerator.date_format' not found, using default value 'null' instead.
2019-02-21 18:16:50,656 INFO o.a.j.r.c.ReportGeneratorConfiguration: Will use date range start date: null, end date: null
2019-02-21 18:16:50,671 INFO o.a.j.r.c.ReportGeneratorConfiguration: Property 'jmeter.reportgenerator.graph.totalTPS.exclude_controllers' not found, using default value 'false' instead.
2019-02-21 18:16:50,671 INFO o.a.j.r.c.ReportGeneratorConfiguration: Property 'jmeter.reportgenerator.graph.activeThreadsOverTime.exclude_controllers' not found, using default value 'false' instead.
2019-02-21 18:16:50,671 INFO o.a.j.r.c.ReportGeneratorConfiguration: Property 'jmeter.reportgenerator.graph.timeVsThreads.exclude_controllers' not found, using default value 'false' instead.
2019-02-21 18:16:50,671 INFO o.a.j.r.c.ReportGeneratorConfiguration: Property 'jmeter.reportgenerator.graph.responseTimeDistribution.exclude_controllers' not found, using default value 'false' instead.
2019-02-21 18:16:50,671 INFO o.a.j.r.c.ReportGeneratorConfiguration: Property 'jmeter.reportgenerator.graph.transactionsPerSecond.exclude_controllers' not found, using default value 'false' instead.
2019-02-21 18:16:50,671 INFO o.a.j.r.c.ReportGeneratorConfiguration: Property 'jmeter.reportgenerator.graph.responseTimePercentiles.exclude_controllers' not found, using default value 'false' instead.
2019-02-21 18:16:50,672 INFO o.a.j.r.c.ReportGeneratorConfiguration: Property 'jmeter.reportgenerator.graph.responseTimePercentilesOverTime.exclude_controllers' not found, using default value 'false' instead.
2019-02-21 18:16:50,672 INFO o.a.j.r.c.ReportGeneratorConfiguration: Property 'jmeter.reportgenerator.graph.responseTimesOverTime.exclude_controllers' not found, using default value 'false' instead.
2019-02-21 18:16:50,672 INFO o.a.j.r.c.ReportGeneratorConfiguration: Property 'jmeter.reportgenerator.graph.connectTimeOverTime.exclude_controllers' not found, using default value 'false' instead.
2019-02-21 18:16:50,672 INFO o.a.j.r.c.ReportGeneratorConfiguration: Property 'jmeter.reportgenerator.graph.latenciesOverTime.exclude_controllers' not found, using default value 'false' instead.
2019-02-21 18:16:50,673 INFO o.a.j.r.c.ReportGeneratorConfiguration: Property 'jmeter.reportgenerator.exporter.html.filters_only_sample_series' not found, using default value 'true' instead.
2019-02-21 18:16:50,673 INFO o.a.j.r.c.ReportGeneratorConfiguration: Property 'jmeter.reportgenerator.exporter.html.series_filter' not found, using default value '' instead.
2019-02-21 18:16:50,673 INFO o.a.j.r.c.ReportGeneratorConfiguration: Property 'jmeter.reportgenerator.exporter.html.show_controllers_only' not found, using default value 'false' instead.
2019-02-21 18:16:50,802 INFO o.a.j.s.SaveService: Testplan (JMX) version: 2.2. Testlog (JTL) version: 2.2
2019-02-21 18:16:50,818 INFO o.a.j.s.SaveService: Using SaveService properties file encoding UTF-8
2019-02-21 18:16:50,822 INFO o.a.j.s.SaveService: Using SaveService properties version 5.0
2019-02-21 18:16:50,856 INFO o.a.j.r.p.NormalizerSampleConsumer: Using format, 'ms', to parse timeStamp field
2019-02-21 18:16:54,697 INFO o.a.j.r.p.AbstractSampleConsumer: class org.apache.jmeter.report.processor.AggregateConsumer#stopProducing(): beginDate produced 0 samples
2019-02-21 18:16:54,697 INFO o.a.j.r.p.AbstractSampleConsumer: class org.apache.jmeter.report.processor.AggregateConsumer#stopProducing(): endDate produced 0 samples
2019-02-21 18:16:54,702 INFO o.a.j.r.p.AbstractSampleConsumer: class org.apache.jmeter.report.processor.ApdexSummaryConsumer#stopProducing(): apdexSummary produced 0 samples
2019-02-21 18:16:54,702 INFO o.a.j.r.p.AbstractSampleConsumer: class org.apache.jmeter.report.processor.RequestsSummaryConsumer#stopProducing(): requestsSummary produced 0 samples
2019-02-21 18:16:54,727 INFO o.a.j.r.p.AbstractSampleConsumer: class org.apache.jmeter.report.processor.StatisticsSummaryConsumer#stopProducing(): statisticsSummary produced 0 samples
2019-02-21 18:16:54,736 INFO o.a.j.r.p.AbstractSampleConsumer: class org.apache.jmeter.report.processor.Top5ErrorsBySamplerConsumer#stopProducing(): top5ErrorsBySampler produced 0 samples
2019-02-21 18:16:54,736 INFO o.a.j.r.p.AbstractSampleConsumer: class org.apache.jmeter.report.processor.ErrorsSummaryConsumer#stopProducing(): errorsSummary produced 0 samples
2019-02-21 18:16:54,736 INFO o.a.j.r.p.AbstractSampleConsumer: class org.apache.jmeter.report.processor.graph.impl.HitsPerSecondGraphConsumer#stopProducing(): hitsPerSecond produced 0 samples
2019-02-21 18:16:55,302 INFO o.a.j.r.p.AbstractSampleConsumer: class org.apache.jmeter.report.processor.graph.impl.LatencyVSRequestGraphConsumer#stopProducing(): latencyVsRequest produced 0 samples
2019-02-21 18:16:55,305 INFO o.a.j.r.p.AbstractSampleConsumer: class org.apache.jmeter.report.processor.graph.impl.SyntheticResponseTimeDistributionGraphConsumer#stopProducing(): syntheticResponseTimeDistribution produced 0 samples
2019-02-21 18:16:55,305 INFO o.a.j.r.p.AbstractSampleConsumer: class org.apache.jmeter.report.processor.graph.impl.BytesThroughputGraphConsumer#stopProducing(): bytesThroughputOverTime produced 0 samples
2019-02-21 18:16:55,305 INFO o.a.j.r.p.AbstractSampleConsumer: class org.apache.jmeter.report.processor.graph.impl.CodesPerSecondGraphConsumer#stopProducing(): codesPerSecond produced 0 samples
2019-02-21 18:16:55,907 INFO o.a.j.r.p.AbstractSampleConsumer: class org.apache.jmeter.report.processor.graph.impl.ResponseTimeVSRequestGraphConsumer#stopProducing(): responseTimeVsRequest produced 0 samples
2019-02-21 18:16:55,909 INFO o.a.j.r.p.AbstractSampleConsumer: class org.apache.jmeter.report.processor.FilterConsumer#stopProducing(): startIntervalControlerFilter produced 1106910 samples
2019-02-21 18:16:55,909 INFO o.a.j.r.p.AbstractSampleConsumer: class org.apache.jmeter.report.processor.graph.impl.TotalTPSGraphConsumer#stopProducing(): totalTPS produced 0 samples
2019-02-21 18:16:55,909 INFO o.a.j.r.p.AbstractSampleConsumer: class org.apache.jmeter.report.processor.graph.impl.ActiveThreadsGraphConsumer#stopProducing(): activeThreadsOverTime produced 0 samples
2019-02-21 18:16:55,909 INFO o.a.j.r.p.AbstractSampleConsumer: class org.apache.jmeter.report.processor.graph.impl.TimeVSThreadGraphConsumer#stopProducing(): timeVsThreads produced 0 samples
2019-02-21 18:16:55,924 INFO o.a.j.r.p.AbstractSampleConsumer: class org.apache.jmeter.report.processor.graph.impl.ResponseTimeDistributionGraphConsumer#stopProducing(): responseTimeDistribution produced 0 samples
2019-02-21 18:16:55,928 INFO o.a.j.r.p.AbstractSampleConsumer: class org.apache.jmeter.report.processor.graph.impl.TransactionsPerSecondGraphConsumer#stopProducing(): transactionsPerSecond produced 0 samples
2019-02-21 18:16:55,931 INFO o.a.j.r.p.AbstractSampleConsumer: class org.apache.jmeter.report.processor.graph.impl.ResponseTimePercentilesGraphConsumer#stopProducing(): responseTimePercentiles produced 0 samples
2019-02-21 18:16:55,994 INFO o.a.j.r.p.AbstractSampleConsumer: class org.apache.jmeter.report.processor.graph.impl.ResponseTimePercentilesOverTimeGraphConsumer#stopProducing(): responseTimePercentilesOverTime produced 0 samples
2019-02-21 18:16:56,054 INFO o.a.j.r.p.AbstractSampleConsumer: class org.apache.jmeter.report.processor.graph.impl.ResponseTimeOverTimeGraphConsumer#stopProducing(): responseTimesOverTime produced 0 samples
2019-02-21 18:16:56,055 INFO o.a.j.r.p.AbstractSampleConsumer: class org.apache.jmeter.report.processor.graph.impl.ConnectTimeOverTimeGraphConsumer#stopProducing(): connectTimeOverTime produced 0 samples
2019-02-21 18:16:56,057 INFO o.a.j.r.p.AbstractSampleConsumer: class org.apache.jmeter.report.processor.graph.impl.LatencyOverTimeGraphConsumer#stopProducing(): latenciesOverTime produced 0 samples
2019-02-21 18:16:56,058 INFO o.a.j.r.p.AbstractSampleConsumer: class org.apache.jmeter.report.processor.FilterConsumer#stopProducing(): nameFilter produced 2371950 samples
2019-02-21 18:16:56,058 INFO o.a.j.r.p.AbstractSampleConsumer: class org.apache.jmeter.report.processor.FilterConsumer#stopProducing(): dateRangeFilter produced 474390 samples
2019-02-21 18:16:56,058 INFO o.a.j.r.p.AbstractSampleConsumer: class org.apache.jmeter.report.processor.NormalizerSampleConsumer#stopProducing(): normalizer produced 158130 samples
2019-02-21 18:16:56,059 INFO o.a.j.r.p.CsvFileSampleSource: produce(): 158130 samples produced in 5s 181 ms on channel 0
2019-02-21 18:16:56,059 INFO o.a.j.r.d.ReportGenerator: Exporting data using exporter:'html' of className:'org.apache.jmeter.report.dashboard.HtmlTemplateExporter'
2019-02-21 18:16:56,061 INFO o.a.j.r.d.HtmlTemplateExporter: Will generate dashboard in folder: /Users/liferay/dev/life/text-dxpcloud/reports/6.2-spike-test-second
2019-02-21 18:16:56,345 INFO o.a.j.r.d.HtmlTemplateExporter: Report will be generated in: /Users/liferay/dev/life/text-dxpcloud/reports/6.2-spike-test-second, creating folder structure
