timeStamp,elapsed,label,responseCode,responseMessage,threadName,dataType,success,failureMessage,bytes,sentBytes,grpThreads,allThreads,URL,Latency,IdleTime,Connect
1550077967635,121,HTTP Request,200,,Users 1-39,text,true,,913,140,49,49,https://www-uat.liferay.com/c/portal/saml/sso,118,0,82
1550077967363,490,HTTP Request,200,OK,Users 1-12,text,true,,58437,1007,48,48,https://web-uat.liferay.com/sign-in?p_p_state=maximized&p_p_mode=view&saveLastPath=0&_58_struts_action=%2Flogin%2Flogin&p_p_id=58&p_p_lifecycle=0&_58_redirect=%2Fweb%2Fricardo.funke%2Fsupport,390,0,355
1550077967363,390,HTTP Request-0,301,Moved Permanently,Users 1-12,text,true,,444,148,48,48,https://www-uat.liferay.com/web/ricardo.funke/support,390,0,355
1550077967757,48,HTTP Request-1,302,Found,Users 1-12,text,true,,577,148,48,48,https://web-uat.liferay.com/web/ricardo.funke/support,48,0,35
1550077967806,7,HTTP Request-2,302,Found,Users 1-12,text,true,,717,310,48,48,https://web-uat.liferay.com/c/portal/login?redirect=%2Fweb%2Fricardo.funke%2Fsupport&p_l_id=52010809,7,0,0
1550077967814,39,HTTP Request-3,200,OK,Users 1-12,text,true,,56699,401,48,48,https://web-uat.liferay.com/sign-in?p_p_state=maximized&p_p_mode=view&saveLastPath=0&_58_struts_action=%2Flogin%2Flogin&p_p_id=58&p_p_lifecycle=0&_58_redirect=%2Fweb%2Fricardo.funke%2Fsupport,29,0,0
1550077967660,243,HTTP Request,200,200,Users 1-42,text,true,,6519,789,47,47,https://customer-uat.liferay.com/c/portal/login?redirect=%2Fgroup%2Fcustomer%2Fdownloads,93,0,71
1550077967660,93,HTTP Request-0,301,Moved Permanently,Users 1-42,text,true,,476,180,47,47,https://www-uat.liferay.com/group/customer/dxp/downloads/digital-enterprise/fix-packs,93,0,71
1550077967757,36,HTTP Request-1,301,Moved Permanently,Users 1-42,text,true,,556,180,47,47,https://web-uat.liferay.com/group/customer/dxp/downloads/digital-enterprise/fix-packs,36,0,29
1550077967793,29,HTTP Request-2,302,302,Users 1-42,text,true,,440,152,47,47,https://customer-uat.liferay.com/group/customer/downloads,29,0,18
1550077967822,81,HTTP Request-3,200,200,Users 1-42,text,true,,5047,277,47,47,https://customer-uat.liferay.com/c/portal/login?redirect=%2Fgroup%2Fcustomer%2Fdownloads,81,0,0
1550077967635,278,HTTP Request,503,Service Temporarily Unavailable,Users 1-40,text,false,Test failed: code expected to match /200/,1601,492,46,46,https://customer-uat.liferay.com/group/customer/downloads,119,0,84
1550077967635,119,HTTP Request-0,301,Moved Permanently,Users 1-40,text,true,,466,170,46,46,https://www-uat.liferay.com/group/customer/dxp/downloads/digital-enterprise,119,0,84
1550077967758,29,HTTP Request-1,301,Moved Permanently,Users 1-40,text,true,,556,170,46,46,https://web-uat.liferay.com/group/customer/dxp/downloads/digital-enterprise,29,0,22
1550077967788,125,HTTP Request-2,503,Service Temporarily Unavailable,Users 1-40,text,false,,579,152,46,46,https://customer-uat.liferay.com/group/customer/downloads,125,0,22
1550077967432,612,HTTP Request,200,OK,Users 1-19,text,true,,128968,1346,45,45,https://help.liferay.com/hc/en-us/categories/360000867932,322,0,287
1550077967432,322,HTTP Request-0,301,Moved Permanently,Users 1-19,text,true,,437,141,45,45,https://www-uat.liferay.com/group/customer/dxp,322,0,287
1550077967756,41,HTTP Request-1,301,Moved Permanently,Users 1-19,text,true,,544,141,45,45,https://web-uat.liferay.com/group/customer/dxp,41,0,36
1550077967798,210,HTTP Request-2,301,Moved Permanently,Users 1-19,text,true,,2081,146,45,45,https://help.liferay.com/hc/categories/360000867932,210,0,56
1550077968009,35,HTTP Request-3,200,OK,Users 1-19,text,true,,125906,918,45,45,https://help.liferay.com/hc/en-us/categories/360000867932,18,0,0
1550077967570,481,HTTP Request,200,OK,Users 1-33,text,true,,63575,284,44,44,https://web-uat.liferay.com/marketplace-upgrade,184,0,151
1550077967570,184,HTTP Request-0,301,Moved Permanently,Users 1-33,text,true,,438,142,44,44,https://www-uat.liferay.com/marketplace-upgrade,184,0,151
1550077967756,295,HTTP Request-1,200,OK,Users 1-33,text,true,,63137,142,44,44,https://web-uat.liferay.com/marketplace-upgrade,286,0,36
1550077967319,758,HTTP Request,200,OK,Users 1-6,text,true,,125027,1291,43,43,https://help.liferay.com/hc/en-us,434,0,400
1550077967319,434,HTTP Request-0,301,Moved Permanently,Users 1-6,text,true,,433,137,43,43,https://www-uat.liferay.com/group/customer,434,0,400
1550077967757,36,HTTP Request-1,301,Moved Permanently,Users 1-6,text,true,,498,137,43,43,https://web-uat.liferay.com/group/customer,36,0,30
1550077967793,242,HTTP Request-2,301,Moved Permanently,Users 1-6,text,true,,2033,123,43,43,https://help.liferay.com/hc/,241,0,48
1550077968035,42,HTTP Request-3,200,OK,Users 1-6,text,true,,122063,894,43,43,https://help.liferay.com/hc/en-us,25,0,0
1550077967724,375,HTTP Request,200,OK,Users 1-48,text,true,,128344,1378,42,42,https://help.liferay.com/hc/en-us/categories/360000867972,101,0,79
1550077967724,101,HTTP Request-0,301,Moved Permanently,Users 1-48,text,true,,453,157,42,42,https://www-uat.liferay.com/group/customer/products/portal/6.2,101,0,79
1550077967826,14,HTTP Request-1,301,Moved Permanently,Users 1-48,text,true,,544,157,42,42,https://web-uat.liferay.com/group/customer/products/portal/6.2,14,0,11
1550077967840,225,HTTP Request-2,301,Moved Permanently,Users 1-48,text,true,,2081,146,42,42,https://help.liferay.com/hc/categories/360000867972,224,0,40
1550077968065,34,HTTP Request-3,200,OK,Users 1-48,text,true,,125266,918,42,42,https://help.liferay.com/hc/en-us/categories/360000867972,17,0,0
1550077967380,856,HTTP Request,404,,Users 1-14,text,false,Test failed: code expected to match /200/,189935,130,41,41,https://www-uat.liferay.com/sign-in,783,0,341
1550077967318,943,HTTP Request,404,,Users 1-2,text,false,Test failed: code expected to match /200/,198010,268,40,40,https://www-uat.liferay.com/sign-in?p_p_state=maximized&p_p_mode=view&saveLastPath=0&_58_struts_action=/login/login&p_p_id=58&p_p_lifecycle=0&_58_redirect=/c/portal/saml/sso,848,0,397
1550077967675,663,HTTP Request,404,,Users 1-44,text,false,Test failed: code expected to match /200/,192431,194,39,39,https://www-uat.liferay.com/digitally-transform-your-financial-services-business-leveraging-liferay,569,0,74
1550077967734,609,HTTP Request,404,,Users 1-49,text,false,Test failed: code expected to match /200/,200674,333,38,38,https://www-uat.liferay.com/sign-in?p_p_id=58&p_p_lifecycle=0&p_p_state=maximized&p_p_mode=view&_58_struts_action=/login/create_account_trial&_58_redirect=/c/portal/register_trial_license?redirect=/digital-experience-platform/30-day-trial,515,0,76
1550077967539,810,HTTP Request,404,,Users 1-30,text,false,Test failed: code expected to match /200/,201010,271,37,37,https://www-uat.liferay.com/es/sign-in?p_p_state=maximized&p_p_mode=view&saveLastPath=0&_58_struts_action=/login/login&p_p_id=58&p_p_lifecycle=0&_58_redirect=/c/portal/saml/sso,714,0,182
1550077967489,906,HTTP Request,200,,Users 1-25,text,true,,181179,148,36,36,https://www-uat.liferay.com/products/dxp/30-day-trial,808,0,226
1550077967349,1049,HTTP Request,200,OK,Users 1-11,text,true,,48309,523,35,35,https://community.liferay.com/project/-/asset_publisher/TyF2HQPLV1b5/content/ide-installation-instructions,405,0,370
1550077967349,405,HTTP Request-0,301,Moved Permanently,Users 1-11,text,true,,457,161,35,35,https://www-uat.liferay.com/downloads/liferay-projects/liferay-ide,405,0,370
1550077967756,41,HTTP Request-1,301,Moved Permanently,Users 1-11,text,true,,654,161,35,35,https://web-uat.liferay.com/downloads/liferay-projects/liferay-ide,41,0,37
1550077967798,600,HTTP Request-2,200,OK,Users 1-11,text,true,,47198,201,35,35,https://community.liferay.com/project/-/asset_publisher/TyF2HQPLV1b5/content/ide-installation-instructions,400,0,290
1550077967608,851,HTTP Request,200,,Users 1-37,text,true,,211715,155,34,34,https://www-uat.liferay.com/supporting-products/liferay-sync,747,0,107
1550077967387,1080,HTTP Request,200,,Users 1-15,text,true,,211694,181,33,33,https://www-uat.liferay.com/blog/en-us/digital-strategy/16-awesome-web-portal-examples,919,0,334
1550077967448,1042,HTTP Request,200,,Users 1-20,text,true,,387474,144,32,32,https://www-uat.liferay.com/subscription-services,882,0,273
1550077967318,1200,HTTP Request,200,,Users 1-8,text,true,,189119,155,31,31,https://www-uat.liferay.com/downloads/thanks-for-downloading,1045,0,402
1550077967318,1208,HTTP Request,200,,Users 1-3,text,true,,182066,428,30,30,https://www-uat.liferay.com/products/dxp/30-day-trial,435,0,402
1550077967318,435,HTTP Request-0,301,Moved Permanently,Users 1-3,text,true,,443,132,30,30,https://www-uat.liferay.com/downloads,435,0,402
1550077967757,44,HTTP Request-1,301,Moved Permanently,Users 1-3,text,true,,444,148,30,30,http://www-uat.liferay.com/products/dxp/30-day-trial,44,0,21
1550077967801,725,HTTP Request-2,200,,Users 1-3,text,true,,181179,148,30,30,https://www-uat.liferay.com/products/dxp/30-day-trial,570,0,0
1550077967373,1176,HTTP Request,200,,Users 1-13,text,true,,169385,130,29,29,https://www-uat.liferay.com/careers,1004,0,344
1550077967548,1034,HTTP Request,200,,Users 1-31,text,true,,246016,426,28,28,https://www-uat.liferay.com/web/guest/solutions/customer-portals,206,0,172
1550077967548,206,HTTP Request-0,302,,Users 1-31,text,true,,887,140,28,28,https://www-uat.liferay.com/solutions/portals,206,0,172
1550077967758,824,HTTP Request-1,200,,Users 1-31,text,true,,245129,286,28,28,https://www-uat.liferay.com/web/guest/solutions/customer-portals,609,0,0
1550077967664,925,HTTP Request,200,,Users 1-41,text,true,,173976,703,27,27,https://www-uat.liferay.com/resources/l/gartner-magic-quadrant-digital-experience-platforms,109,0,82
1550077967664,109,HTTP Request-0,301,Moved Permanently,Users 1-41,text,true,,481,331,27,27,https://www-uat.liferay.com/resources/l?title=gartner-magic-quadrant-digital-experience-platforms&hsa_tgt=&hsa_grp=60759509412&hsa_src=d&hsa_net=adwords&hsa_mt=&hsa_ver=3&hsa_ad=269310744878&hsa_acc=9733166788&hsa_kw=&hsa_cam=1270442147,109,0,82
1550077967773,42,HTTP Request-1,301,Moved Permanently,Users 1-41,text,true,,482,186,27,27,http://www-uat.liferay.com/resources/l/gartner-magic-quadrant-digital-experience-platforms,42,0,22
1550077967816,773,HTTP Request-2,200,,Users 1-41,text,true,,173013,186,27,27,https://www-uat.liferay.com/resources/l/gartner-magic-quadrant-digital-experience-platforms,584,0,0
1550077967675,999,HTTP Request,200,OK,Users 1-43,text,true,,140313,499,26,26,https://community.liferay.com/forums/-/message_boards/recent-posts,98,0,74
1550077967675,98,HTTP Request-0,301,Moved Permanently,Users 1-43,text,true,,465,169,26,26,https://www-uat.liferay.com/community/forums/-/message_boards/recent-posts,98,0,74
1550077967773,29,HTTP Request-1,301,Moved Permanently,Users 1-43,text,true,,574,169,26,26,https://web-uat.liferay.com/community/forums/-/message_boards/recent-posts,29,0,24
1550077967803,871,HTTP Request-2,200,OK,Users 1-43,text,true,,139274,161,26,26,https://community.liferay.com/forums/-/message_boards/recent-posts,499,0,289
1550077967496,1209,HTTP Request,200,,Users 1-26,text,true,,198680,454,25,25,https://www-uat.liferay.com/products/dxp/horizontal-portal,257,0,222
1550077967496,258,HTTP Request-0,302,Moved Temporarily,Users 1-26,text,true,,424,148,25,25,https://www-uat.liferay.com/product/features/platform,257,0,222
1550077967756,44,HTTP Request-1,301,Moved Permanently,Users 1-26,text,true,,449,153,25,25,http://www-uat.liferay.com/products/dxp/horizontal-portal,44,0,20
1550077967800,905,HTTP Request-2,200,,Users 1-26,text,true,,197807,153,25,25,https://www-uat.liferay.com/products/dxp/horizontal-portal,679,0,0
1550077967318,1419,HTTP Request,200,OK,Users 1-7,text,true,,119045,268,24,24,https://web-uat.liferay.com/marketplace,435,0,402
1550077967318,435,HTTP Request-0,301,Moved Permanently,Users 1-7,text,true,,430,134,24,24,https://www-uat.liferay.com/marketplace,435,0,402
1550077967758,979,HTTP Request-1,200,OK,Users 1-7,text,true,,118615,134,24,24,https://web-uat.liferay.com/marketplace,946,0,41
1550077967519,1244,HTTP Request,200,,Users 1-28,text,true,,187109,437,23,23,https://www-uat.liferay.com/es/products/dxp/30-day-trial,235,0,202
1550077967519,235,HTTP Request-0,301,Moved Permanently,Users 1-28,text,true,,446,135,23,23,https://www-uat.liferay.com/es/downloads,235,0,202
1550077967756,45,HTTP Request-1,301,Moved Permanently,Users 1-28,text,true,,447,151,23,23,http://www-uat.liferay.com/es/products/dxp/30-day-trial,45,0,21
1550077967801,962,HTTP Request-2,200,,Users 1-28,text,true,,186216,151,23,23,https://www-uat.liferay.com/es/products/dxp/30-day-trial,669,0,0
1550077967685,1128,HTTP Request,200,,Users 1-45,text,true,,189183,182,22,22,https://www-uat.liferay.com/company/gartner/magic-quadrant-digital-experience-platforms,814,0,83
1550077967420,1393,HTTP Request,200,,Users 1-18,text,true,,271036,140,22,22,https://www-uat.liferay.com/company/our-story,1043,0,300
1550077967406,1466,HTTP Request,200,,Users 1-17,text,true,,227149,142,20,20,https://www-uat.liferay.com/downloads-community,1096,0,313
1550077967591,1301,HTTP Request,200,OK,Users 1-35,text,true,,162325,505,19,19,https://community.liferay.com/forums/-/message_boards/message/316880,162,0,128
1550077967591,162,HTTP Request-0,301,Moved Permanently,Users 1-35,text,true,,467,171,19,19,https://www-uat.liferay.com/community/forums/-/message_boards/message/316880,162,0,128
1550077967757,45,HTTP Request-1,301,Moved Permanently,Users 1-35,text,true,,578,171,19,19,https://web-uat.liferay.com/community/forums/-/message_boards/message/316880,45,0,40
1550077967803,1089,HTTP Request-2,200,OK,Users 1-35,text,true,,161280,163,19,19,https://community.liferay.com/forums/-/message_boards/message/316880,578,0,294
1550077967338,1572,HTTP Request,200,,Users 1-9,text,true,,285725,132,18,18,https://www-uat.liferay.com/resources,1214,0,380
1550077967318,1605,HTTP Request,200,,Users 1-1,text,true,,429361,123,17,17,https://www-uat.liferay.com/,1186,0,401
1550077967713,1211,HTTP Request,200,,Users 1-47,text,true,,287205,155,16,16,https://www-uat.liferay.com/resources?93350categoryIds=93352,863,0,90
1550077967338,1651,HTTP Request,200,,Users 1-10,text,true,,357549,135,15,15,https://www-uat.liferay.com/products/dxp,1216,0,383
1550077967531,1464,HTTP Request,200,,Users 1-29,text,true,,429545,127,14,14,https://www-uat.liferay.com/home,993,0,188
1550077967465,1554,HTTP Request,200,,Users 1-23,text,true,,358436,404,13,13,https://www-uat.liferay.com/web/guest/products/dxp,288,0,251
1550077967465,288,HTTP Request-0,302,,Users 1-23,text,true,,873,132,13,13,https://www-uat.liferay.com/solutions,288,0,251
1550077967758,1261,HTTP Request-1,200,,Users 1-23,text,true,,357563,272,13,13,https://www-uat.liferay.com/web/guest/products/dxp,734,0,0
1550077967570,1463,HTTP Request,200,OK,Users 1-32,text,true,,178728,511,12,12,https://community.liferay.com/forums/-/message_boards/message/10038451,184,0,150
1550077967570,184,HTTP Request-0,301,Moved Permanently,Users 1-32,text,true,,469,173,12,12,https://www-uat.liferay.com/community/forums/-/message_boards/message/10038451,184,0,150
1550077967756,41,HTTP Request-1,301,Moved Permanently,Users 1-32,text,true,,582,173,12,12,https://web-uat.liferay.com/community/forums/-/message_boards/message/10038451,41,0,37
1550077967798,1235,HTTP Request-2,200,OK,Users 1-32,text,true,,177677,165,12,12,https://community.liferay.com/forums/-/message_boards/message/10038451,600,0,287
1550077967483,1555,HTTP Request,200,,Users 1-24,text,true,,438412,130,11,11,https://www-uat.liferay.com/de/home,1163,0,237
1550077967448,1604,HTTP Request,200,OK,Users 1-21,text,true,,214735,531,10,10,https://community.liferay.com/blogs/-/blogs/15-awesome-web-portal-examples,305,0,272
1550077967448,305,HTTP Request-0,301,Moved Permanently,Users 1-21,text,true,,477,181,10,10,https://www-uat.liferay.com/web/martin.yan/blog/-/blogs/15-awesome-web-portal-examples,305,0,272
1550077967757,26,HTTP Request-1,301,Moved Permanently,Users 1-21,text,true,,590,181,10,10,https://web-uat.liferay.com/web/martin.yan/blog/-/blogs/15-awesome-web-portal-examples,26,0,21
1550077967784,1268,HTTP Request-2,200,OK,Users 1-21,text,true,,213668,169,10,10,https://community.liferay.com/blogs/-/blogs/15-awesome-web-portal-examples,520,0,294
1550077967403,1704,HTTP Request,200,,Users 1-16,text,true,,450910,130,9,9,https://www-uat.liferay.com/ja/home,1187,0,314
1550077967464,1649,HTTP Request,200,,Users 1-22,text,true,,436852,130,8,8,https://www-uat.liferay.com/pt/home,1113,0,257
1550077967318,1836,HTTP Request,200,,Users 1-4,text,true,,447371,130,7,7,https://www-uat.liferay.com/es/home,1275,0,403
1550077967576,1584,HTTP Request,200,,Users 1-34,text,true,,443750,130,6,6,https://www-uat.liferay.com/fr/home,1136,0,143
1550077967695,1488,HTTP Request,200,,Users 1-46,text,true,,445476,130,5,5,https://www-uat.liferay.com/zh/home,911,0,77
1550077967622,1575,HTTP Request,200,,Users 1-38,text,true,,190860,140,4,4,https://www-uat.liferay.com/services/partners,1466,0,96
1550077967318,1893,HTTP Request,200,,Users 1-5,text,true,,359321,420,3,3,https://www-uat.liferay.com/products/dxp,435,0,401
1550077967318,436,HTTP Request-0,302,Moved Temporarily,Users 1-5,text,true,,406,150,3,3,https://www-uat.liferay.com/digital-experience-platform,435,0,401
1550077967757,44,HTTP Request-1,301,Moved Permanently,Users 1-5,text,true,,431,135,3,3,http://www-uat.liferay.com/products/dxp,44,0,21
1550077967801,1410,HTTP Request-2,200,,Users 1-5,text,true,,358484,135,3,3,https://www-uat.liferay.com/products/dxp,1228,0,0
1550077967609,1653,HTTP Request,200,,Users 1-36,text,true,,358719,429,2,2,https://www-uat.liferay.com/es/products/dxp,145,0,111
1550077967609,145,HTTP Request-0,302,Moved Temporarily,Users 1-36,text,true,,409,153,2,2,https://www-uat.liferay.com/es/digital-experience-platform,145,0,111
1550077967758,49,HTTP Request-1,301,Moved Permanently,Users 1-36,text,true,,434,138,2,2,http://www-uat.liferay.com/es/products/dxp,49,0,24
1550077967807,1455,HTTP Request-2,200,,Users 1-36,text,true,,357876,138,2,2,https://www-uat.liferay.com/es/products/dxp,1231,0,0
1550077967511,1846,HTTP Request,200,,Users 1-27,text,true,,430735,130,1,1,https://www-uat.liferay.com/it/home,1164,0,209
