2019-02-13 13:58:28,062 INFO o.a.j.u.JMeterUtils: Setting Locale to en_EN
2019-02-13 13:58:28,084 INFO o.a.j.JMeter: Loading user properties from: /Users/liferay/dev/life/apache-jmeter-5.0/bin/user.properties
2019-02-13 13:58:28,084 INFO o.a.j.JMeter: Loading system properties from: /Users/liferay/dev/life/apache-jmeter-5.0/bin/system.properties
2019-02-13 13:58:28,090 INFO o.a.j.JMeter: Copyright (c) 1998-2018 The Apache Software Foundation
2019-02-13 13:58:28,090 INFO o.a.j.JMeter: Version 5.0 r1840935
2019-02-13 13:58:28,090 INFO o.a.j.JMeter: java.version=1.8.0_181
2019-02-13 13:58:28,090 INFO o.a.j.JMeter: java.vm.name=Java HotSpot(TM) 64-Bit Server VM
2019-02-13 13:58:28,090 INFO o.a.j.JMeter: os.name=Mac OS X
2019-02-13 13:58:28,090 INFO o.a.j.JMeter: os.arch=x86_64
2019-02-13 13:58:28,090 INFO o.a.j.JMeter: os.version=10.14.3
2019-02-13 13:58:28,090 INFO o.a.j.JMeter: file.encoding=UTF-8
2019-02-13 13:58:28,091 INFO o.a.j.JMeter: Max memory     =1073741824
2019-02-13 13:58:28,091 INFO o.a.j.JMeter: Available Processors =8
2019-02-13 13:58:28,095 INFO o.a.j.JMeter: Default Locale=English (EN)
2019-02-13 13:58:28,095 INFO o.a.j.JMeter: JMeter  Locale=English (EN)
2019-02-13 13:58:28,095 INFO o.a.j.JMeter: JMeterHome=/Users/liferay/dev/life/apache-jmeter-5.0
2019-02-13 13:58:28,095 INFO o.a.j.JMeter: user.dir  =/Users/liferay/dev/life/text-dxpcloud/reports-old
2019-02-13 13:58:28,095 INFO o.a.j.JMeter: PWD       =/Users/liferay/dev/life/text-dxpcloud/reports-old
2019-02-13 13:58:28,097 INFO o.a.j.JMeter: IP: 172.16.20.65 Name: ryan-2.local FullName: 172.16.20.65
2019-02-13 13:58:29,901 INFO o.a.j.g.a.LookAndFeelCommand: Installing Darcula LAF
2019-02-13 13:58:29,932 INFO o.a.j.g.a.LookAndFeelCommand: Using look and feel: com.bulenkov.darcula.DarculaLaf [Darcula]
2019-02-13 13:58:29,932 INFO o.a.j.JMeter: Setting LAF to: com.bulenkov.darcula.DarculaLaf
2019-02-13 13:58:30,026 INFO o.a.j.JMeter: Loaded icon properties from org/apache/jmeter/images/icon.properties
2019-02-13 13:58:30,613 INFO o.a.j.e.u.CompoundVariable: Note: Function class names must contain the string: '.functions.'
2019-02-13 13:58:30,613 INFO o.a.j.e.u.CompoundVariable: Note: Function class names must not contain the string: '.gui.'
2019-02-13 13:58:33,472 INFO o.a.j.p.h.s.HTTPSamplerBase: Parser for text/html is org.apache.jmeter.protocol.http.parser.LagartoBasedHtmlParser
2019-02-13 13:58:33,473 INFO o.a.j.p.h.s.HTTPSamplerBase: Parser for application/xhtml+xml is org.apache.jmeter.protocol.http.parser.LagartoBasedHtmlParser
2019-02-13 13:58:33,473 INFO o.a.j.p.h.s.HTTPSamplerBase: Parser for application/xml is org.apache.jmeter.protocol.http.parser.LagartoBasedHtmlParser
2019-02-13 13:58:33,474 INFO o.a.j.p.h.s.HTTPSamplerBase: Parser for text/xml is org.apache.jmeter.protocol.http.parser.LagartoBasedHtmlParser
2019-02-13 13:58:33,474 INFO o.a.j.p.h.s.HTTPSamplerBase: Parser for text/vnd.wap.wml is org.apache.jmeter.protocol.http.parser.RegexpHTMLParser
2019-02-13 13:58:33,474 INFO o.a.j.p.h.s.HTTPSamplerBase: Parser for text/css is org.apache.jmeter.protocol.http.parser.CssParser
2019-02-13 13:58:33,872 INFO o.a.j.e.KeyToolUtils: keytool found at 'keytool'
2019-02-13 13:58:33,880 INFO o.a.j.p.h.p.ProxyControl: HTTP(S) Test Script Recorder SSL Proxy will use keys that support embedded 3rd party resources in file /Users/liferay/dev/life/apache-jmeter-5.0/bin/proxyserver.jks
2019-02-13 13:58:34,108 INFO o.a.j.s.FileServer: Default base='/Users/liferay/dev/life/text-dxpcloud/reports-old'
2019-02-13 13:58:34,468 INFO o.a.j.s.SampleResult: Note: Sample TimeStamps are START times
2019-02-13 13:58:34,468 INFO o.a.j.s.SampleResult: sampleresult.default.encoding is set to ISO-8859-1
2019-02-13 13:58:34,468 INFO o.a.j.s.SampleResult: sampleresult.useNanoTime=true
2019-02-13 13:58:34,469 INFO o.a.j.s.SampleResult: sampleresult.nanoThreadSleep=5000
2019-02-13 14:00:38,362 INFO o.a.j.g.a.Load: Loading file: /Users/liferay/dev/life/text-dxpcloud/dxpcloudjmx.jmx
2019-02-13 14:00:38,362 INFO o.a.j.s.FileServer: Set new base='/Users/liferay/dev/life/text-dxpcloud'
2019-02-13 14:00:38,549 INFO o.a.j.s.SaveService: Testplan (JMX) version: 2.2. Testlog (JTL) version: 2.2
2019-02-13 14:00:38,570 INFO o.a.j.s.SaveService: Using SaveService properties file encoding UTF-8
2019-02-13 14:00:38,572 INFO o.a.j.s.SaveService: Using SaveService properties version 5.0
2019-02-13 14:00:38,577 INFO o.a.j.s.SaveService: Loading file: /Users/liferay/dev/life/text-dxpcloud/dxpcloudjmx.jmx
2019-02-13 14:00:38,614 INFO o.a.j.p.h.c.CookieManager: Settings: Delete null: true Check: true Allow variable: true Save: false Prefix: COOKIE_
2019-02-13 14:00:38,794 INFO o.a.j.s.FileServer: Set new base='/Users/liferay/dev/life/text-dxpcloud'
2019-02-13 15:12:40,278 INFO o.a.j.e.StandardJMeterEngine: Running the test!
2019-02-13 15:12:40,281 INFO o.a.j.s.SampleEvent: List of sample_variables: []
2019-02-13 15:12:40,281 INFO o.a.j.s.SampleEvent: List of sample_variables: []
2019-02-13 15:12:40,294 INFO o.a.j.g.u.JMeterMenuBar: setRunning(true, *local*)
2019-02-13 15:12:40,520 INFO o.a.j.e.StandardJMeterEngine: Starting ThreadGroup: 1 : Users
2019-02-13 15:12:40,520 INFO o.a.j.e.StandardJMeterEngine: Starting 100 threads for group Users.
2019-02-13 15:12:40,520 INFO o.a.j.e.StandardJMeterEngine: Thread will continue on error
2019-02-13 15:12:40,521 INFO o.a.j.t.ThreadGroup: Starting thread group... number=1 threads=100 ramp-up=120 perThread=1200.0 delayedStart=false
2019-02-13 15:12:40,533 INFO o.a.j.t.JMeterThread: Thread started: Users 1-1
2019-02-13 15:12:40,537 INFO o.a.j.s.FileServer: Stored: /Users/liferay/dev/life/text-dxpcloud/top50.csv
2019-02-13 15:12:40,566 INFO o.a.j.p.h.s.HTTPHCAbstractImpl: Local host = ryan-2.local
2019-02-13 15:12:40,577 INFO o.a.j.t.ThreadGroup: Started thread group number 1
2019-02-13 15:12:40,577 INFO o.a.j.e.StandardJMeterEngine: All thread groups have been started
2019-02-13 15:12:40,579 INFO o.a.j.p.h.s.HTTPHC4Impl: HTTP request retry count = 0
2019-02-13 15:12:40,681 INFO o.a.j.p.h.s.h.LazyLayeredConnectionSocketFactory: Setting up HTTPS TrustAll Socket Factory
2019-02-13 15:12:40,685 INFO o.a.j.u.JsseSSLManager: Using default SSL protocol: TLS
2019-02-13 15:12:40,685 INFO o.a.j.u.JsseSSLManager: SSL session context: per-thread
2019-02-13 15:12:40,845 INFO o.a.j.u.SSLManager: JmeterKeyStore Location:  type JKS
2019-02-13 15:12:40,846 INFO o.a.j.u.SSLManager: KeyStore created OK
2019-02-13 15:12:40,846 WARN o.a.j.u.SSLManager: Keystore file not found, loading empty keystore
2019-02-13 15:12:41,690 INFO o.a.j.g.a.Start: Stopping test
2019-02-13 15:12:41,734 INFO o.a.j.t.JMeterThread: Thread started: Users 1-2
2019-02-13 15:12:41,770 INFO o.a.j.t.JMeterThread: Stopping: Users 1-53
2019-02-13 15:12:41,771 INFO o.a.j.t.JMeterThread: Stopping: Users 1-39
2019-02-13 15:12:41,772 INFO o.a.j.t.JMeterThread: Stopping: Users 1-48
2019-02-13 15:12:41,772 INFO o.a.j.t.JMeterThread: Stopping: Users 1-4
2019-02-13 15:12:41,772 INFO o.a.j.t.JMeterThread: Thread started: Users 1-53
2019-02-13 15:12:41,772 INFO o.a.j.t.JMeterThread: Thread started: Users 1-39
2019-02-13 15:12:41,772 INFO o.a.j.t.JMeterThread: Stopping: Users 1-90
2019-02-13 15:12:41,772 INFO o.a.j.t.JMeterThread: Thread started: Users 1-48
2019-02-13 15:12:41,773 INFO o.a.j.t.JMeterThread: Thread started: Users 1-4
2019-02-13 15:12:41,773 INFO o.a.j.t.JMeterThread: Thread finished: Users 1-53
2019-02-13 15:12:41,773 INFO o.a.j.t.JMeterThread: Thread finished: Users 1-39
2019-02-13 15:12:41,773 INFO o.a.j.t.JMeterThread: Thread finished: Users 1-48
2019-02-13 15:12:41,773 INFO o.a.j.t.JMeterThread: Thread finished: Users 1-4
2019-02-13 15:12:41,773 INFO o.a.j.t.JMeterThread: Stopping: Users 1-14
2019-02-13 15:12:41,774 INFO o.a.j.t.JMeterThread: Stopping: Users 1-89
2019-02-13 15:12:41,774 INFO o.a.j.t.JMeterThread: Stopping: Users 1-52
2019-02-13 15:12:41,774 INFO o.a.j.t.JMeterThread: Thread started: Users 1-14
2019-02-13 15:12:41,774 INFO o.a.j.t.JMeterThread: Thread started: Users 1-90
2019-02-13 15:12:41,775 INFO o.a.j.t.JMeterThread: Stopping: Users 1-49
2019-02-13 15:12:41,775 INFO o.a.j.t.JMeterThread: Thread started: Users 1-89
2019-02-13 15:12:41,775 INFO o.a.j.t.JMeterThread: Thread started: Users 1-52
2019-02-13 15:12:41,775 INFO o.a.j.t.JMeterThread: Stopping: Users 1-80
2019-02-13 15:12:41,775 INFO o.a.j.t.JMeterThread: Thread finished: Users 1-14
2019-02-13 15:12:41,775 INFO o.a.j.t.JMeterThread: Thread finished: Users 1-89
2019-02-13 15:12:41,775 INFO o.a.j.t.JMeterThread: Thread finished: Users 1-90
2019-02-13 15:12:41,775 INFO o.a.j.t.JMeterThread: Thread finished: Users 1-52
2019-02-13 15:12:41,775 INFO o.a.j.t.JMeterThread: Stopping: Users 1-12
2019-02-13 15:12:41,776 INFO o.a.j.t.JMeterThread: Stopping: Users 1-40
2019-02-13 15:12:41,776 INFO o.a.j.t.JMeterThread: Thread started: Users 1-49
2019-02-13 15:12:41,776 INFO o.a.j.t.JMeterThread: Thread started: Users 1-80
2019-02-13 15:12:41,777 INFO o.a.j.t.JMeterThread: Stopping: Users 1-74
2019-02-13 15:12:41,777 INFO o.a.j.t.JMeterThread: Stopping: Users 1-6
2019-02-13 15:12:41,777 INFO o.a.j.t.JMeterThread: Thread started: Users 1-12
2019-02-13 15:12:41,777 INFO o.a.j.t.JMeterThread: Thread finished: Users 1-49
2019-02-13 15:12:41,777 INFO o.a.j.t.JMeterThread: Thread started: Users 1-40
2019-02-13 15:12:41,777 INFO o.a.j.t.JMeterThread: Stopping: Users 1-83
2019-02-13 15:12:41,778 INFO o.a.j.t.JMeterThread: Thread finished: Users 1-40
2019-02-13 15:12:41,778 INFO o.a.j.t.JMeterThread: Thread finished: Users 1-12
2019-02-13 15:12:41,778 INFO o.a.j.t.JMeterThread: Thread finished: Users 1-80
2019-02-13 15:12:41,778 INFO o.a.j.t.JMeterThread: Thread started: Users 1-74
2019-02-13 15:12:41,778 INFO o.a.j.t.JMeterThread: Thread started: Users 1-6
2019-02-13 15:12:41,778 INFO o.a.j.t.JMeterThread: Stopping: Users 1-1
2019-02-13 15:12:41,779 WARN o.a.j.t.JMeterThread: Interrupting: Users 1-1 sampler: HTTP Request
2019-02-13 15:12:41,779 INFO o.a.j.t.JMeterThread: Thread finished: Users 1-6
2019-02-13 15:12:41,779 INFO o.a.j.t.JMeterThread: Thread finished: Users 1-74
2019-02-13 15:12:41,779 INFO o.a.j.t.JMeterThread: Thread started: Users 1-83
2019-02-13 15:12:41,780 INFO o.a.j.t.JMeterThread: Thread finished: Users 1-83
2019-02-13 15:12:41,784 INFO o.a.j.t.JMeterThread: Stopping: Users 1-51
2019-02-13 15:12:41,784 INFO o.a.j.t.JMeterThread: Stopping: Users 1-92
2019-02-13 15:12:41,784 INFO o.a.j.t.JMeterThread: Stopping: Users 1-57
2019-02-13 15:12:41,785 INFO o.a.j.t.JMeterThread: Stopping: Users 1-88
2019-02-13 15:12:41,784 INFO o.a.j.t.JMeterThread: Thread started: Users 1-51
2019-02-13 15:12:41,785 INFO o.a.j.t.JMeterThread: Stopping: Users 1-82
2019-02-13 15:12:41,785 INFO o.a.j.t.JMeterThread: Thread started: Users 1-92
2019-02-13 15:12:41,785 INFO o.a.j.t.JMeterThread: Thread started: Users 1-57
2019-02-13 15:12:41,786 INFO o.a.j.t.JMeterThread: Thread finished: Users 1-92
2019-02-13 15:12:41,786 INFO o.a.j.t.JMeterThread: Thread finished: Users 1-51
2019-02-13 15:12:41,785 INFO o.a.j.t.JMeterThread: Thread started: Users 1-88
2019-02-13 15:12:41,786 INFO o.a.j.t.JMeterThread: Stopping: Users 1-76
2019-02-13 15:12:41,786 INFO o.a.j.t.JMeterThread: Thread finished: Users 1-57
2019-02-13 15:12:41,787 INFO o.a.j.t.JMeterThread: Stopping: Users 1-10
2019-02-13 15:12:41,787 INFO o.a.j.t.JMeterThread: Thread finished: Users 1-88
2019-02-13 15:12:41,787 INFO o.a.j.t.JMeterThread: Stopping: Users 1-9
2019-02-13 15:12:41,786 INFO o.a.j.t.JMeterThread: Thread started: Users 1-82
2019-02-13 15:12:41,787 INFO o.a.j.t.JMeterThread: Stopping: Users 1-43
2019-02-13 15:12:41,787 INFO o.a.j.t.JMeterThread: Stopping: Users 1-50
2019-02-13 15:12:41,787 INFO o.a.j.t.JMeterThread: Thread started: Users 1-10
2019-02-13 15:12:41,788 INFO o.a.j.t.JMeterThread: Stopping: Users 1-94
2019-02-13 15:12:41,788 INFO o.a.j.t.JMeterThread: Stopping: Users 1-96
2019-02-13 15:12:41,788 INFO o.a.j.t.JMeterThread: Stopping: Users 1-79
2019-02-13 15:12:41,788 INFO o.a.j.t.JMeterThread: Thread finished: Users 1-10
2019-02-13 15:12:41,788 INFO o.a.j.t.JMeterThread: Stopping: Users 1-99
2019-02-13 15:12:41,788 INFO o.a.j.t.JMeterThread: Thread finished: Users 1-82
2019-02-13 15:12:41,788 INFO o.a.j.t.JMeterThread: Stopping: Users 1-59
2019-02-13 15:12:41,788 INFO o.a.j.t.JMeterThread: Stopping: Users 1-35
2019-02-13 15:12:41,788 INFO o.a.j.t.JMeterThread: Thread started: Users 1-9
2019-02-13 15:12:41,788 INFO o.a.j.t.JMeterThread: Stopping: Users 1-58
2019-02-13 15:12:41,788 INFO o.a.j.t.JMeterThread: Stopping: Users 1-75
2019-02-13 15:12:41,788 INFO o.a.j.t.JMeterThread: Stopping: Users 1-55
2019-02-13 15:12:41,788 INFO o.a.j.t.JMeterThread: Stopping: Users 1-97
2019-02-13 15:12:41,788 INFO o.a.j.t.JMeterThread: Thread finished: Users 1-9
2019-02-13 15:12:41,788 INFO o.a.j.t.JMeterThread: Stopping: Users 1-87
2019-02-13 15:12:41,788 INFO o.a.j.t.JMeterThread: Thread started: Users 1-43
2019-02-13 15:12:41,789 INFO o.a.j.t.JMeterThread: Stopping: Users 1-61
2019-02-13 15:12:41,789 INFO o.a.j.t.JMeterThread: Stopping: Users 1-36
2019-02-13 15:12:41,788 INFO o.a.j.t.JMeterThread: Thread started: Users 1-94
2019-02-13 15:12:41,787 INFO o.a.j.t.JMeterThread: Thread started: Users 1-76
2019-02-13 15:12:41,789 INFO o.a.j.t.JMeterThread: Stopping: Users 1-71
2019-02-13 15:12:41,789 INFO o.a.j.t.JMeterThread: Thread started: Users 1-79
2019-02-13 15:12:41,789 INFO o.a.j.t.JMeterThread: Thread started: Users 1-99
2019-02-13 15:12:41,789 INFO o.a.j.t.JMeterThread: Thread finished: Users 1-94
2019-02-13 15:12:41,789 INFO o.a.j.t.JMeterThread: Thread finished: Users 1-79
2019-02-13 15:12:41,789 INFO o.a.j.t.JMeterThread: Stopping: Users 1-32
2019-02-13 15:12:41,789 INFO o.a.j.t.JMeterThread: Thread finished: Users 1-99
2019-02-13 15:12:41,789 INFO o.a.j.t.JMeterThread: Thread started: Users 1-59
2019-02-13 15:12:41,790 INFO o.a.j.t.JMeterThread: Thread started: Users 1-75
2019-02-13 15:12:41,790 INFO o.a.j.t.JMeterThread: Thread started: Users 1-87
2019-02-13 15:12:41,790 INFO o.a.j.t.JMeterThread: Thread started: Users 1-71
2019-02-13 15:12:41,791 INFO o.a.j.t.JMeterThread: Thread finished: Users 1-75
2019-02-13 15:12:41,790 INFO o.a.j.t.JMeterThread: Thread started: Users 1-36
2019-02-13 15:12:41,790 INFO o.a.j.t.JMeterThread: Thread started: Users 1-55
2019-02-13 15:12:41,791 INFO o.a.j.t.JMeterThread: Thread finished: Users 1-87
2019-02-13 15:12:41,788 INFO o.a.j.t.JMeterThread: Thread started: Users 1-50
2019-02-13 15:12:41,791 INFO o.a.j.t.JMeterThread: Thread finished: Users 1-71
2019-02-13 15:12:41,791 INFO o.a.j.t.JMeterThread: Thread finished: Users 1-43
2019-02-13 15:12:41,791 INFO o.a.j.t.JMeterThread: Thread finished: Users 1-55
2019-02-13 15:12:41,789 INFO o.a.j.t.JMeterThread: Thread started: Users 1-58
2019-02-13 15:12:41,790 INFO o.a.j.t.JMeterThread: Thread started: Users 1-97
2019-02-13 15:12:41,792 INFO o.a.j.t.JMeterThread: Thread finished: Users 1-36
2019-02-13 15:12:41,789 INFO o.a.j.t.JMeterThread: Thread started: Users 1-96
2019-02-13 15:12:41,792 INFO o.a.j.t.JMeterThread: Thread finished: Users 1-97
2019-02-13 15:12:41,792 INFO o.a.j.t.JMeterThread: Thread finished: Users 1-58
2019-02-13 15:12:41,790 INFO o.a.j.t.JMeterThread: Thread finished: Users 1-59
2019-02-13 15:12:41,789 INFO o.a.j.t.JMeterThread: Thread started: Users 1-35
2019-02-13 15:12:41,792 INFO o.a.j.t.JMeterThread: Thread finished: Users 1-96
2019-02-13 15:12:41,789 INFO o.a.j.t.JMeterThread: Thread finished: Users 1-76
2019-02-13 15:12:41,791 INFO o.a.j.t.JMeterThread: Thread finished: Users 1-50
2019-02-13 15:12:41,791 INFO o.a.j.t.JMeterThread: Thread started: Users 1-61
2019-02-13 15:12:41,793 INFO o.a.j.t.JMeterThread: Stopping: Users 1-64
2019-02-13 15:12:41,792 INFO o.a.j.t.JMeterThread: Thread finished: Users 1-35
2019-02-13 15:12:41,793 INFO o.a.j.t.JMeterThread: Stopping: Users 1-34
2019-02-13 15:12:41,793 INFO o.a.j.t.JMeterThread: Stopping: Users 1-85
2019-02-13 15:12:41,793 INFO o.a.j.t.JMeterThread: Thread finished: Users 1-61
2019-02-13 15:12:41,793 INFO o.a.j.t.JMeterThread: Stopping: Users 1-2
2019-02-13 15:12:41,793 INFO o.a.j.t.JMeterThread: Thread started: Users 1-64
2019-02-13 15:12:41,793 WARN o.a.j.t.JMeterThread: Interrupting: Users 1-2 sampler: HTTP Request
2019-02-13 15:12:41,793 INFO o.a.j.t.JMeterThread: Thread started: Users 1-32
2019-02-13 15:12:41,793 INFO o.a.j.t.JMeterThread: Thread started: Users 1-34
2019-02-13 15:12:41,794 INFO o.a.j.t.JMeterThread: Thread finished: Users 1-64
2019-02-13 15:12:41,793 INFO o.a.j.t.JMeterThread: Thread started: Users 1-85
2019-02-13 15:12:41,794 INFO o.a.j.t.JMeterThread: Thread finished: Users 1-34
2019-02-13 15:12:41,794 INFO o.a.j.t.JMeterThread: Thread finished: Users 1-32
2019-02-13 15:12:41,795 INFO o.a.j.t.JMeterThread: Stopping: Users 1-69
2019-02-13 15:12:41,795 INFO o.a.j.t.JMeterThread: Thread finished: Users 1-85
2019-02-13 15:12:41,795 INFO o.a.j.t.JMeterThread: Stopping: Users 1-68
2019-02-13 15:12:41,795 INFO o.a.j.t.JMeterThread: Stopping: Users 1-86
2019-02-13 15:12:41,795 INFO o.a.j.t.JMeterThread: Thread started: Users 1-69
2019-02-13 15:12:41,795 INFO o.a.j.t.JMeterThread: Stopping: Users 1-18
2019-02-13 15:12:41,795 INFO o.a.j.t.JMeterThread: Thread started: Users 1-68
2019-02-13 15:12:41,795 INFO o.a.j.t.JMeterThread: Stopping: Users 1-8
2019-02-13 15:12:41,795 INFO o.a.j.t.JMeterThread: Stopping: Users 1-15
2019-02-13 15:12:41,795 INFO o.a.j.t.JMeterThread: Thread finished: Users 1-69
2019-02-13 15:12:41,795 INFO o.a.j.t.JMeterThread: Stopping: Users 1-21
2019-02-13 15:12:41,795 INFO o.a.j.t.JMeterThread: Thread finished: Users 1-68
2019-02-13 15:12:41,795 INFO o.a.j.t.JMeterThread: Stopping: Users 1-78
2019-02-13 15:12:41,795 INFO o.a.j.t.JMeterThread: Stopping: Users 1-70
2019-02-13 15:12:41,796 INFO o.a.j.t.JMeterThread: Stopping: Users 1-13
2019-02-13 15:12:41,796 INFO o.a.j.t.JMeterThread: Stopping: Users 1-3
2019-02-13 15:12:41,796 INFO o.a.j.t.JMeterThread: Thread started: Users 1-18
2019-02-13 15:12:41,796 INFO o.a.j.t.JMeterThread: Thread started: Users 1-86
2019-02-13 15:12:41,796 INFO o.a.j.t.JMeterThread: Thread started: Users 1-8
2019-02-13 15:12:41,796 INFO o.a.j.t.JMeterThread: Thread finished: Users 1-18
2019-02-13 15:12:41,796 INFO o.a.j.t.JMeterThread: Thread started: Users 1-15
2019-02-13 15:12:41,796 INFO o.a.j.t.JMeterThread: Thread finished: Users 1-86
2019-02-13 15:12:41,796 INFO o.a.j.t.JMeterThread: Thread finished: Users 1-15
2019-02-13 15:12:41,796 INFO o.a.j.t.JMeterThread: Thread started: Users 1-21
2019-02-13 15:12:41,796 INFO o.a.j.t.JMeterThread: Stopping: Users 1-19
2019-02-13 15:12:41,796 INFO o.a.j.t.JMeterThread: Thread started: Users 1-78
2019-02-13 15:12:41,797 INFO o.a.j.t.JMeterThread: Thread finished: Users 1-21
2019-02-13 15:12:41,796 INFO o.a.j.t.JMeterThread: Thread finished: Users 1-8
2019-02-13 15:12:41,796 INFO o.a.j.t.JMeterThread: Thread started: Users 1-70
2019-02-13 15:12:41,797 INFO o.a.j.t.JMeterThread: Thread started: Users 1-19
2019-02-13 15:12:41,797 INFO o.a.j.t.JMeterThread: Thread started: Users 1-3
2019-02-13 15:12:41,796 INFO o.a.j.t.JMeterThread: Thread started: Users 1-13
2019-02-13 15:12:41,798 INFO o.a.j.t.JMeterThread: Thread finished: Users 1-78
2019-02-13 15:12:41,797 INFO o.a.j.t.JMeterThread: Stopping: Users 1-30
2019-02-13 15:12:41,798 INFO o.a.j.t.JMeterThread: Thread finished: Users 1-19
2019-02-13 15:12:41,798 INFO o.a.j.t.JMeterThread: Thread finished: Users 1-3
2019-02-13 15:12:41,798 INFO o.a.j.t.JMeterThread: Stopping: Users 1-37
2019-02-13 15:12:41,798 INFO o.a.j.t.JMeterThread: Thread finished: Users 1-70
2019-02-13 15:12:41,798 INFO o.a.j.t.JMeterThread: Stopping: Users 1-26
2019-02-13 15:12:41,798 INFO o.a.j.t.JMeterThread: Stopping: Users 1-65
2019-02-13 15:12:41,798 INFO o.a.j.t.JMeterThread: Stopping: Users 1-95
2019-02-13 15:12:41,798 INFO o.a.j.t.JMeterThread: Stopping: Users 1-100
2019-02-13 15:12:41,798 INFO o.a.j.t.JMeterThread: Thread started: Users 1-30
2019-02-13 15:12:41,798 INFO o.a.j.t.JMeterThread: Stopping: Users 1-81
2019-02-13 15:12:41,799 INFO o.a.j.t.JMeterThread: Stopping: Users 1-91
2019-02-13 15:12:41,799 INFO o.a.j.t.JMeterThread: Stopping: Users 1-31
2019-02-13 15:12:41,799 INFO o.a.j.t.JMeterThread: Thread started: Users 1-26
2019-02-13 15:12:41,799 INFO o.a.j.t.JMeterThread: Thread started: Users 1-65
2019-02-13 15:12:41,799 INFO o.a.j.t.JMeterThread: Thread started: Users 1-95
2019-02-13 15:12:41,799 INFO o.a.j.t.JMeterThread: Thread started: Users 1-100
2019-02-13 15:12:41,799 INFO o.a.j.t.JMeterThread: Thread finished: Users 1-65
2019-02-13 15:12:41,799 INFO o.a.j.t.JMeterThread: Thread finished: Users 1-100
2019-02-13 15:12:41,799 INFO o.a.j.t.JMeterThread: Thread finished: Users 1-13
2019-02-13 15:12:41,800 INFO o.a.j.t.JMeterThread: Thread finished: Users 1-26
2019-02-13 15:12:41,799 INFO o.a.j.t.JMeterThread: Thread started: Users 1-37
2019-02-13 15:12:41,800 INFO o.a.j.t.JMeterThread: Thread started: Users 1-81
2019-02-13 15:12:41,800 INFO o.a.j.t.JMeterThread: Thread started: Users 1-91
2019-02-13 15:12:41,800 INFO o.a.j.t.JMeterThread: Thread finished: Users 1-81
2019-02-13 15:12:41,799 INFO o.a.j.t.JMeterThread: Stopping: Users 1-63
2019-02-13 15:12:41,800 INFO o.a.j.t.JMeterThread: Thread finished: Users 1-91
2019-02-13 15:12:41,800 INFO o.a.j.t.JMeterThread: Stopping: Users 1-17
2019-02-13 15:12:41,800 INFO o.a.j.t.JMeterThread: Thread finished: Users 1-37
2019-02-13 15:12:41,799 INFO o.a.j.t.JMeterThread: Thread finished: Users 1-95
2019-02-13 15:12:41,800 INFO o.a.j.t.JMeterThread: Thread started: Users 1-31
2019-02-13 15:12:41,801 INFO o.a.j.t.JMeterThread: Thread started: Users 1-17
2019-02-13 15:12:41,801 INFO o.a.j.t.JMeterThread: Thread started: Users 1-63
2019-02-13 15:12:41,801 INFO o.a.j.t.JMeterThread: Thread finished: Users 1-31
2019-02-13 15:12:41,801 INFO o.a.j.t.JMeterThread: Thread finished: Users 1-17
2019-02-13 15:12:41,801 INFO o.a.j.t.JMeterThread: Thread finished: Users 1-63
2019-02-13 15:12:41,800 INFO o.a.j.t.JMeterThread: Stopping: Users 1-54
2019-02-13 15:12:41,800 INFO o.a.j.t.JMeterThread: Thread finished: Users 1-30
2019-02-13 15:12:41,802 INFO o.a.j.t.JMeterThread: Stopping: Users 1-72
2019-02-13 15:12:41,802 INFO o.a.j.t.JMeterThread: Stopping: Users 1-11
2019-02-13 15:12:41,802 INFO o.a.j.t.JMeterThread: Stopping: Users 1-77
2019-02-13 15:12:41,803 INFO o.a.j.t.JMeterThread: Stopping: Users 1-7
2019-02-13 15:12:41,803 INFO o.a.j.t.JMeterThread: Stopping: Users 1-28
2019-02-13 15:12:41,802 INFO o.a.j.t.JMeterThread: Thread started: Users 1-11
2019-02-13 15:12:41,803 INFO o.a.j.t.JMeterThread: Thread started: Users 1-7
2019-02-13 15:12:41,802 INFO o.a.j.t.JMeterThread: Thread started: Users 1-72
2019-02-13 15:12:41,802 INFO o.a.j.t.JMeterThread: Thread started: Users 1-54
2019-02-13 15:12:41,803 INFO o.a.j.t.JMeterThread: Thread finished: Users 1-11
2019-02-13 15:12:41,803 INFO o.a.j.t.JMeterThread: Thread finished: Users 1-7
2019-02-13 15:12:41,803 INFO o.a.j.t.JMeterThread: Thread finished: Users 1-72
2019-02-13 15:12:41,803 INFO o.a.j.t.JMeterThread: Thread finished: Users 1-54
2019-02-13 15:12:41,803 INFO o.a.j.t.JMeterThread: Thread started: Users 1-77
2019-02-13 15:12:41,803 INFO o.a.j.t.JMeterThread: Thread finished: Users 1-2
2019-02-13 15:12:41,803 INFO o.a.j.t.JMeterThread: Thread finished: Users 1-77
2019-02-13 15:12:41,803 INFO o.a.j.t.JMeterThread: Stopping: Users 1-60
2019-02-13 15:12:41,803 INFO o.a.j.t.JMeterThread: Thread finished: Users 1-1
2019-02-13 15:12:41,804 INFO o.a.j.t.JMeterThread: Stopping: Users 1-24
2019-02-13 15:12:41,804 INFO o.a.j.t.JMeterThread: Stopping: Users 1-22
2019-02-13 15:12:41,804 INFO o.a.j.t.JMeterThread: Thread started: Users 1-28
2019-02-13 15:12:41,804 INFO o.a.j.t.JMeterThread: Thread started: Users 1-60
2019-02-13 15:12:41,804 INFO o.a.j.t.JMeterThread: Stopping: Users 1-62
2019-02-13 15:12:41,804 INFO o.a.j.t.JMeterThread: Stopping: Users 1-33
2019-02-13 15:12:41,804 INFO o.a.j.t.JMeterThread: Thread finished: Users 1-60
2019-02-13 15:12:41,804 INFO o.a.j.t.JMeterThread: Thread finished: Users 1-28
2019-02-13 15:12:41,804 INFO o.a.j.t.JMeterThread: Stopping: Users 1-46
2019-02-13 15:12:41,804 INFO o.a.j.t.JMeterThread: Thread started: Users 1-24
2019-02-13 15:12:41,804 INFO o.a.j.t.JMeterThread: Stopping: Users 1-16
2019-02-13 15:12:41,805 INFO o.a.j.t.JMeterThread: Stopping: Users 1-84
2019-02-13 15:12:41,805 INFO o.a.j.t.JMeterThread: Stopping: Users 1-38
2019-02-13 15:12:41,804 INFO o.a.j.t.JMeterThread: Thread started: Users 1-22
2019-02-13 15:12:41,805 INFO o.a.j.t.JMeterThread: Stopping: Users 1-66
2019-02-13 15:12:41,805 INFO o.a.j.t.JMeterThread: Stopping: Users 1-44
2019-02-13 15:12:41,805 INFO o.a.j.t.JMeterThread: Stopping: Users 1-41
2019-02-13 15:12:41,805 INFO o.a.j.t.JMeterThread: Stopping: Users 1-27
2019-02-13 15:12:41,805 INFO o.a.j.t.JMeterThread: Thread finished: Users 1-24
2019-02-13 15:12:41,805 INFO o.a.j.t.JMeterThread: Thread finished: Users 1-22
2019-02-13 15:12:41,805 INFO o.a.j.t.JMeterThread: Thread started: Users 1-46
2019-02-13 15:12:41,805 INFO o.a.j.t.JMeterThread: Thread started: Users 1-16
2019-02-13 15:12:41,805 INFO o.a.j.t.JMeterThread: Thread started: Users 1-84
2019-02-13 15:12:41,805 INFO o.a.j.t.JMeterThread: Thread finished: Users 1-16
2019-02-13 15:12:41,805 INFO o.a.j.t.JMeterThread: Thread started: Users 1-38
2019-02-13 15:12:41,805 INFO o.a.j.t.JMeterThread: Thread started: Users 1-62
2019-02-13 15:12:41,806 INFO o.a.j.t.JMeterThread: Thread finished: Users 1-84
2019-02-13 15:12:41,806 INFO o.a.j.t.JMeterThread: Thread started: Users 1-66
2019-02-13 15:12:41,805 INFO o.a.j.t.JMeterThread: Stopping: Users 1-20
2019-02-13 15:12:41,806 INFO o.a.j.t.JMeterThread: Stopping: Users 1-47
2019-02-13 15:12:41,806 INFO o.a.j.t.JMeterThread: Thread started: Users 1-44
2019-02-13 15:12:41,806 INFO o.a.j.t.JMeterThread: Thread started: Users 1-27
2019-02-13 15:12:41,805 INFO o.a.j.t.JMeterThread: Thread started: Users 1-33
2019-02-13 15:12:41,806 INFO o.a.j.t.JMeterThread: Stopping: Users 1-56
2019-02-13 15:12:41,806 INFO o.a.j.t.JMeterThread: Stopping: Users 1-93
2019-02-13 15:12:41,806 INFO o.a.j.t.JMeterThread: Thread finished: Users 1-44
2019-02-13 15:12:41,806 INFO o.a.j.t.JMeterThread: Thread finished: Users 1-62
2019-02-13 15:12:41,806 INFO o.a.j.t.JMeterThread: Stopping: Users 1-67
2019-02-13 15:12:41,806 INFO o.a.j.t.JMeterThread: Stopping: Users 1-25
2019-02-13 15:12:41,806 INFO o.a.j.t.JMeterThread: Thread finished: Users 1-38
2019-02-13 15:12:41,807 INFO o.a.j.t.JMeterThread: Stopping: Users 1-98
2019-02-13 15:12:41,805 INFO o.a.j.t.JMeterThread: Thread finished: Users 1-46
2019-02-13 15:12:41,807 INFO o.a.j.t.JMeterThread: Stopping: Users 1-42
2019-02-13 15:12:41,807 INFO o.a.j.t.JMeterThread: Stopping: Users 1-45
2019-02-13 15:12:41,807 INFO o.a.j.t.JMeterThread: Stopping: Users 1-5
2019-02-13 15:12:41,807 INFO o.a.j.t.JMeterThread: Thread started: Users 1-47
2019-02-13 15:12:41,807 INFO o.a.j.t.JMeterThread: Stopping: Users 1-29
2019-02-13 15:12:41,807 INFO o.a.j.t.JMeterThread: Stopping: Users 1-23
2019-02-13 15:12:41,807 INFO o.a.j.t.JMeterThread: Thread started: Users 1-93
2019-02-13 15:12:41,807 INFO o.a.j.t.JMeterThread: Stopping: Users 1-73
2019-02-13 15:12:41,807 INFO o.a.j.t.JMeterThread: Thread finished: Users 1-93
2019-02-13 15:12:41,807 INFO o.a.j.t.JMeterThread: Thread started: Users 1-20
2019-02-13 15:12:41,807 INFO o.a.j.t.JMeterThread: Thread started: Users 1-67
2019-02-13 15:12:41,808 INFO o.a.j.t.JMeterThread: Thread finished: Users 1-20
2019-02-13 15:12:41,807 INFO o.a.j.t.JMeterThread: Thread started: Users 1-98
2019-02-13 15:12:41,808 INFO o.a.j.t.JMeterThread: Thread finished: Users 1-67
2019-02-13 15:12:41,808 INFO o.a.j.t.JMeterThread: Thread finished: Users 1-98
2019-02-13 15:12:41,808 INFO o.a.j.t.JMeterThread: Thread started: Users 1-5
2019-02-13 15:12:41,808 INFO o.a.j.t.JMeterThread: Thread started: Users 1-29
2019-02-13 15:12:41,808 INFO o.a.j.t.JMeterThread: Thread started: Users 1-45
2019-02-13 15:12:41,808 INFO o.a.j.t.JMeterThread: Thread finished: Users 1-5
2019-02-13 15:12:41,808 INFO o.a.j.t.JMeterThread: Thread finished: Users 1-29
2019-02-13 15:12:41,808 INFO o.a.j.t.JMeterThread: Thread finished: Users 1-45
2019-02-13 15:12:41,806 INFO o.a.j.t.JMeterThread: Thread finished: Users 1-66
2019-02-13 15:12:41,806 INFO o.a.j.t.JMeterThread: Thread started: Users 1-41
2019-02-13 15:12:41,808 INFO o.a.j.t.JMeterThread: Thread finished: Users 1-33
2019-02-13 15:12:41,808 INFO o.a.j.t.JMeterThread: Thread started: Users 1-42
2019-02-13 15:12:41,807 INFO o.a.j.t.JMeterThread: Thread started: Users 1-25
2019-02-13 15:12:41,809 INFO o.a.j.t.JMeterThread: Thread finished: Users 1-41
2019-02-13 15:12:41,807 INFO o.a.j.t.JMeterThread: Thread finished: Users 1-47
2019-02-13 15:12:41,807 INFO o.a.j.t.JMeterThread: Thread started: Users 1-56
2019-02-13 15:12:41,807 INFO o.a.j.t.JMeterThread: Thread finished: Users 1-27
2019-02-13 15:12:41,809 INFO o.a.j.t.JMeterThread: Thread finished: Users 1-25
2019-02-13 15:12:41,808 INFO o.a.j.t.JMeterThread: Thread started: Users 1-23
2019-02-13 15:12:41,809 INFO o.a.j.t.JMeterThread: Thread finished: Users 1-56
2019-02-13 15:12:41,808 INFO o.a.j.t.JMeterThread: Thread started: Users 1-73
2019-02-13 15:12:41,809 INFO o.a.j.t.JMeterThread: Thread finished: Users 1-42
2019-02-13 15:12:41,810 INFO o.a.j.t.JMeterThread: Thread finished: Users 1-23
2019-02-13 15:12:41,810 INFO o.a.j.t.JMeterThread: Thread finished: Users 1-73
2019-02-13 15:12:41,810 INFO o.a.j.e.StandardJMeterEngine: Notifying test listeners of end of test
2019-02-13 15:12:41,810 INFO o.a.j.s.FileServer: Close: /Users/liferay/dev/life/text-dxpcloud/top50.csv
2019-02-13 15:12:41,811 INFO o.a.j.g.u.JMeterMenuBar: setRunning(false, *local*)
