2019-02-21 16:25:45,308 INFO o.a.j.u.JMeterUtils: Setting Locale to en_EN
2019-02-21 16:25:45,328 INFO o.a.j.JMeter: Loading user properties from: /Users/liferay/dev/life/apache-jmeter-5.0/bin/user.properties
2019-02-21 16:25:45,328 INFO o.a.j.JMeter: Loading system properties from: /Users/liferay/dev/life/apache-jmeter-5.0/bin/system.properties
2019-02-21 16:25:45,333 INFO o.a.j.JMeter: Copyright (c) 1998-2018 The Apache Software Foundation
2019-02-21 16:25:45,333 INFO o.a.j.JMeter: Version 5.0 r1840935
2019-02-21 16:25:45,333 INFO o.a.j.JMeter: java.version=1.8.0_181
2019-02-21 16:25:45,333 INFO o.a.j.JMeter: java.vm.name=Java HotSpot(TM) 64-Bit Server VM
2019-02-21 16:25:45,333 INFO o.a.j.JMeter: os.name=Mac OS X
2019-02-21 16:25:45,333 INFO o.a.j.JMeter: os.arch=x86_64
2019-02-21 16:25:45,333 INFO o.a.j.JMeter: os.version=10.14.3
2019-02-21 16:25:45,333 INFO o.a.j.JMeter: file.encoding=UTF-8
2019-02-21 16:25:45,334 INFO o.a.j.JMeter: Max memory     =1073741824
2019-02-21 16:25:45,334 INFO o.a.j.JMeter: Available Processors =8
2019-02-21 16:25:45,337 INFO o.a.j.JMeter: Default Locale=English (EN)
2019-02-21 16:25:45,337 INFO o.a.j.JMeter: JMeter  Locale=English (EN)
2019-02-21 16:25:45,337 INFO o.a.j.JMeter: JMeterHome=/Users/liferay/dev/life/apache-jmeter-5.0
2019-02-21 16:25:45,338 INFO o.a.j.JMeter: user.dir  =/Users/liferay/dev/life/text-dxpcloud/reports
2019-02-21 16:25:45,338 INFO o.a.j.JMeter: PWD       =/Users/liferay/dev/life/text-dxpcloud/reports
2019-02-21 16:25:45,339 INFO o.a.j.JMeter: IP: 172.16.20.65 Name: ryan-2.local FullName: 172.16.20.65
2019-02-21 16:25:45,340 ERROR o.a.j.JMeter: An error occurred: 
java.lang.IllegalArgumentException: Cannot write to '/Users/liferay/dev/life/text-dxpcloud/reports/reports/6.2-spike-test-second' as folder does not exist and parent folder is not writable
	at org.apache.jorphan.util.JOrphanUtils.canSafelyWriteToFolder(JOrphanUtils.java:649) ~[jorphan.jar:5.0 r1840935]
	at org.apache.jmeter.JMeter.extractAndSetReportOutputFolder(JMeter.java:584) ~[ApacheJMeter_core.jar:5.0 r1840935]
	at org.apache.jmeter.JMeter.start(JMeter.java:532) [ApacheJMeter_core.jar:5.0 r1840935]
	at sun.reflect.NativeMethodAccessorImpl.invoke0(Native Method) ~[?:1.8.0_181]
	at sun.reflect.NativeMethodAccessorImpl.invoke(NativeMethodAccessorImpl.java:62) ~[?:1.8.0_181]
	at sun.reflect.DelegatingMethodAccessorImpl.invoke(DelegatingMethodAccessorImpl.java:43) ~[?:1.8.0_181]
	at java.lang.reflect.Method.invoke(Method.java:498) ~[?:1.8.0_181]
	at org.apache.jmeter.NewDriver.main(NewDriver.java:245) [ApacheJMeter.jar:5.0 r1840935]
